
*** Running vivado
    with args -log top.vds -m64 -product Vivado -mode batch -messageDb vivado.pb -notrace -source top.tcl


ECHO is off.
ECHO is off.

****** Vivado v2023.1 (64-bit)
  **** SW Build 3865809 on Sun May  7 15:05:29 MDT 2023
  **** IP Build 3864474 on Sun May  7 20:36:21 MDT 2023
  **** SharedData Build 3865790 on Sun May 07 13:33:03 MDT 2023
    ** Copyright 1986-2022 Xilinx, Inc. All Rights Reserved.
    ** Copyright 2022-2023 Advanced Micro Devices, Inc. All Rights Reserved.

source top.tcl -notrace
create_project: Time (s): cpu = 00:00:07 ; elapsed = 00:00:14 . Memory (MB): peak = 431.180 ; gain = 161.617
Command: read_checkpoint -auto_incremental -incremental {U:/EECE351/Lab 5/Lab 5.srcs/utils_1/imports/synth_1/top.dcp}
INFO: [Vivado 12-5825] Read reference checkpoint from U:/EECE351/Lab 5/Lab 5.srcs/utils_1/imports/synth_1/top.dcp for incremental synthesis
INFO: [Vivado 12-7989] Please ensure there are no constraint changes
Command: synth_design -top top -part xc7a35tcpg236-1
Starting synth_design
Attempting to get a license for feature 'Synthesis' and/or device 'xc7a35t'
INFO: [Common 17-349] Got license for feature 'Synthesis' and/or device 'xc7a35t'
INFO: [Device 21-403] Loading part xc7a35tcpg236-1
INFO: [Designutils 20-5440] No compile time benefit to using incremental synthesis; A full resynthesis will be run
INFO: [Designutils 20-4379] Flow is switching to default flow due to incremental criteria not met. If you would like to alter this behaviour and have the flow terminate instead, please set the following parameter config_implementation {autoIncr.Synth.RejectBehavior Terminate}
INFO: [Synth 8-7079] Multithreading enabled for synth_design using a maximum of 2 processes.
INFO: [Synth 8-7078] Launching helper process for spawning children vivado processes
INFO: [Synth 8-7075] Helper process launched with PID 15324
---------------------------------------------------------------------------------
Starting RTL Elaboration : Time (s): cpu = 00:00:06 ; elapsed = 00:00:10 . Memory (MB): peak = 1249.340 ; gain = 411.496
---------------------------------------------------------------------------------
INFO: [Synth 8-638] synthesizing module 'top' [U:/EECE351/Lab 5/Lab 5.srcs/sources_1/new/top.vhd:44]
INFO: [Synth 8-3491] module 'Debouncer' declared at 'U:/EECE351/Lab 5/Lab 5.srcs/sources_1/new/Debouncer.vhd:34' bound to instance 'U1' of component 'Debouncer' [U:/EECE351/Lab 5/Lab 5.srcs/sources_1/new/top.vhd:83]
INFO: [Synth 8-638] synthesizing module 'Debouncer' [U:/EECE351/Lab 5/Lab 5.srcs/sources_1/new/Debouncer.vhd:41]
INFO: [Synth 8-256] done synthesizing module 'Debouncer' (0#1) [U:/EECE351/Lab 5/Lab 5.srcs/sources_1/new/Debouncer.vhd:41]
INFO: [Synth 8-3491] module 'pulser' declared at 'U:/EECE351/Lab 5/Lab 5.srcs/sources_1/new/Pulser.vhd:13' bound to instance 'U2' of component 'Pulser' [U:/EECE351/Lab 5/Lab 5.srcs/sources_1/new/top.vhd:84]
INFO: [Synth 8-638] synthesizing module 'pulser' [U:/EECE351/Lab 5/Lab 5.srcs/sources_1/new/Pulser.vhd:20]
INFO: [Synth 8-256] done synthesizing module 'pulser' (0#1) [U:/EECE351/Lab 5/Lab 5.srcs/sources_1/new/Pulser.vhd:20]
INFO: [Synth 8-3491] module 'hex_to_seven' declared at 'U:/EECE351/Lab 5/Lab 5.srcs/sources_1/new/hex_to_seven.vhd:34' bound to instance 'U3' of component 'hex_to_seven' [U:/EECE351/Lab 5/Lab 5.srcs/sources_1/new/top.vhd:93]
INFO: [Synth 8-638] synthesizing module 'hex_to_seven' [U:/EECE351/Lab 5/Lab 5.srcs/sources_1/new/hex_to_seven.vhd:41]
INFO: [Synth 8-256] done synthesizing module 'hex_to_seven' (0#1) [U:/EECE351/Lab 5/Lab 5.srcs/sources_1/new/hex_to_seven.vhd:41]
INFO: [Synth 8-3491] module 'hex_to_seven' declared at 'U:/EECE351/Lab 5/Lab 5.srcs/sources_1/new/hex_to_seven.vhd:34' bound to instance 'U4' of component 'hex_to_seven' [U:/EECE351/Lab 5/Lab 5.srcs/sources_1/new/top.vhd:94]
INFO: [Synth 8-3491] module 'hex_to_seven' declared at 'U:/EECE351/Lab 5/Lab 5.srcs/sources_1/new/hex_to_seven.vhd:34' bound to instance 'U5' of component 'hex_to_seven' [U:/EECE351/Lab 5/Lab 5.srcs/sources_1/new/top.vhd:95]
INFO: [Synth 8-3491] module 'hex_to_seven' declared at 'U:/EECE351/Lab 5/Lab 5.srcs/sources_1/new/hex_to_seven.vhd:34' bound to instance 'U6' of component 'hex_to_seven' [U:/EECE351/Lab 5/Lab 5.srcs/sources_1/new/top.vhd:96]
INFO: [Synth 8-3491] module 'seven_segment_display_driver' declared at 'U:/EECE351/Lab 5/Lab 5.srcs/sources_1/new/seven_segment_display_driver.vhd:34' bound to instance 'U7' of component 'seven_segment_display_driver' [U:/EECE351/Lab 5/Lab 5.srcs/sources_1/new/top.vhd:97]
INFO: [Synth 8-638] synthesizing module 'seven_segment_display_driver' [U:/EECE351/Lab 5/Lab 5.srcs/sources_1/new/seven_segment_display_driver.vhd:46]
INFO: [Synth 8-256] done synthesizing module 'seven_segment_display_driver' (0#1) [U:/EECE351/Lab 5/Lab 5.srcs/sources_1/new/seven_segment_display_driver.vhd:46]
INFO: [Synth 8-256] done synthesizing module 'top' (0#1) [U:/EECE351/Lab 5/Lab 5.srcs/sources_1/new/top.vhd:44]
WARNING: [Synth 8-7129] Port sw[15] in module top is either unconnected or has no load
WARNING: [Synth 8-7129] Port sw[14] in module top is either unconnected or has no load
WARNING: [Synth 8-7129] Port sw[13] in module top is either unconnected or has no load
WARNING: [Synth 8-7129] Port sw[12] in module top is either unconnected or has no load
WARNING: [Synth 8-7129] Port sw[11] in module top is either unconnected or has no load
WARNING: [Synth 8-7129] Port sw[10] in module top is either unconnected or has no load
WARNING: [Synth 8-7129] Port sw[9] in module top is either unconnected or has no load
WARNING: [Synth 8-7129] Port sw[8] in module top is either unconnected or has no load
WARNING: [Synth 8-7129] Port sw[7] in module top is either unconnected or has no load
WARNING: [Synth 8-7129] Port sw[6] in module top is either unconnected or has no load
WARNING: [Synth 8-7129] Port sw[5] in module top is either unconnected or has no load
WARNING: [Synth 8-7129] Port sw[4] in module top is either unconnected or has no load
WARNING: [Synth 8-7129] Port sw[3] in module top is either unconnected or has no load
WARNING: [Synth 8-7129] Port sw[2] in module top is either unconnected or has no load
WARNING: [Synth 8-7129] Port sw[1] in module top is either unconnected or has no load
WARNING: [Synth 8-7129] Port sw[0] in module top is either unconnected or has no load
---------------------------------------------------------------------------------
Finished RTL Elaboration : Time (s): cpu = 00:00:07 ; elapsed = 00:00:16 . Memory (MB): peak = 1339.371 ; gain = 501.527
---------------------------------------------------------------------------------
---------------------------------------------------------------------------------
Start Handling Custom Attributes
---------------------------------------------------------------------------------
---------------------------------------------------------------------------------
Finished Handling Custom Attributes : Time (s): cpu = 00:00:07 ; elapsed = 00:00:17 . Memory (MB): peak = 1339.371 ; gain = 501.527
---------------------------------------------------------------------------------
---------------------------------------------------------------------------------
Finished RTL Optimization Phase 1 : Time (s): cpu = 00:00:07 ; elapsed = 00:00:17 . Memory (MB): peak = 1339.371 ; gain = 501.527
---------------------------------------------------------------------------------
Netlist sorting complete. Time (s): cpu = 00:00:00 ; elapsed = 00:00:00.002 . Memory (MB): peak = 1339.371 ; gain = 0.000
INFO: [Project 1-570] Preparing netlist for logic optimization

Processing XDC Constraints
Initializing timing engine
Parsing XDC File [U:/EECE351/Basys_3_Master.xdc]
Finished Parsing XDC File [U:/EECE351/Basys_3_Master.xdc]
INFO: [Project 1-236] Implementation specific constraints were found while reading constraint file [U:/EECE351/Basys_3_Master.xdc]. These constraints will be ignored for synthesis but will be used in implementation. Impacted constraints are listed in the file [.Xil/top_propImpl.xdc].
Resolution: To avoid this warning, move constraints listed in [.Xil/top_propImpl.xdc] to another XDC file and exclude this new file from synthesis with the used_in_synthesis property (File Properties dialog in GUI) and re-run elaboration/synthesis.
Completed Processing XDC Constraints

Netlist sorting complete. Time (s): cpu = 00:00:00 ; elapsed = 00:00:00.001 . Memory (MB): peak = 1380.211 ; gain = 0.000
INFO: [Project 1-111] Unisim Transformation Summary:
No Unisim elements were transformed.

Constraint Validation Runtime : Time (s): cpu = 00:00:00 ; elapsed = 00:00:00.067 . Memory (MB): peak = 1380.211 ; gain = 0.000
INFO: [Designutils 20-5440] No compile time benefit to using incremental synthesis; A full resynthesis will be run
INFO: [Designutils 20-4379] Flow is switching to default flow due to incremental criteria not met. If you would like to alter this behaviour and have the flow terminate instead, please set the following parameter config_implementation {autoIncr.Synth.RejectBehavior Terminate}
---------------------------------------------------------------------------------
Finished Constraint Validation : Time (s): cpu = 00:00:16 ; elapsed = 00:00:38 . Memory (MB): peak = 1380.211 ; gain = 542.367
---------------------------------------------------------------------------------
---------------------------------------------------------------------------------
Start Loading Part and Timing Information
---------------------------------------------------------------------------------
Loading part: xc7a35tcpg236-1
---------------------------------------------------------------------------------
Finished Loading Part and Timing Information : Time (s): cpu = 00:00:16 ; elapsed = 00:00:38 . Memory (MB): peak = 1380.211 ; gain = 542.367
---------------------------------------------------------------------------------
---------------------------------------------------------------------------------
Start Applying 'set_property' XDC Constraints
---------------------------------------------------------------------------------
---------------------------------------------------------------------------------
Finished applying 'set_property' XDC Constraints : Time (s): cpu = 00:00:16 ; elapsed = 00:00:39 . Memory (MB): peak = 1380.211 ; gain = 542.367
---------------------------------------------------------------------------------
WARNING: [Synth 8-327] inferring latch for variable 'en_reg' [U:/EECE351/Lab 5/Lab 5.srcs/sources_1/new/Debouncer.vhd:54]
---------------------------------------------------------------------------------
Finished RTL Optimization Phase 2 : Time (s): cpu = 00:00:16 ; elapsed = 00:00:42 . Memory (MB): peak = 1380.211 ; gain = 542.367
---------------------------------------------------------------------------------
---------------------------------------------------------------------------------
Start RTL Component Statistics 
---------------------------------------------------------------------------------
Detailed RTL Component Info : 
+---Adders : 
	   2 Input    2 Bit       Adders := 1     
+---Registers : 
	                2 Bit    Registers := 1     
	                1 Bit    Registers := 3     
+---Muxes : 
	   4 Input    7 Bit        Muxes := 1     
	   4 Input    4 Bit        Muxes := 1     
---------------------------------------------------------------------------------
Finished RTL Component Statistics 
---------------------------------------------------------------------------------
---------------------------------------------------------------------------------
Start Part Resource Summary
---------------------------------------------------------------------------------
Part Resources:
DSPs: 90 (col length:60)
BRAMs: 100 (col length: RAMB18 60 RAMB36 30)
---------------------------------------------------------------------------------
Finished Part Resource Summary
---------------------------------------------------------------------------------
---------------------------------------------------------------------------------
Start Cross Boundary and Area Optimization
---------------------------------------------------------------------------------
WARNING: [Synth 8-7080] Parallel synthesis criteria is not met
WARNING: [Synth 8-7129] Port sw[15] in module top is either unconnected or has no load
WARNING: [Synth 8-7129] Port sw[14] in module top is either unconnected or has no load
WARNING: [Synth 8-7129] Port sw[13] in module top is either unconnected or has no load
WARNING: [Synth 8-7129] Port sw[12] in module top is either unconnected or has no load
WARNING: [Synth 8-7129] Port sw[11] in module top is either unconnected or has no load
WARNING: [Synth 8-7129] Port sw[10] in module top is either unconnected or has no load
WARNING: [Synth 8-7129] Port sw[9] in module top is either unconnected or has no load
WARNING: [Synth 8-7129] Port sw[8] in module top is either unconnected or has no load
WARNING: [Synth 8-7129] Port sw[7] in module top is either unconnected or has no load
WARNING: [Synth 8-7129] Port sw[6] in module top is either unconnected or has no load
WARNING: [Synth 8-7129] Port sw[5] in module top is either unconnected or has no load
WARNING: [Synth 8-7129] Port sw[4] in module top is either unconnected or has no load
WARNING: [Synth 8-7129] Port sw[3] in module top is either unconnected or has no load
WARNING: [Synth 8-7129] Port sw[2] in module top is either unconnected or has no load
WARNING: [Synth 8-7129] Port sw[1] in module top is either unconnected or has no load
WARNING: [Synth 8-7129] Port sw[0] in module top is either unconnected or has no load
---------------------------------------------------------------------------------
Finished Cross Boundary and Area Optimization : Time (s): cpu = 00:00:19 ; elapsed = 00:00:52 . Memory (MB): peak = 1380.211 ; gain = 542.367
---------------------------------------------------------------------------------
---------------------------------------------------------------------------------
Start Applying XDC Timing Constraints
---------------------------------------------------------------------------------
---------------------------------------------------------------------------------
Finished Applying XDC Timing Constraints : Time (s): cpu = 00:00:25 ; elapsed = 00:01:03 . Memory (MB): peak = 1380.211 ; gain = 542.367
---------------------------------------------------------------------------------
---------------------------------------------------------------------------------
Start Timing Optimization
---------------------------------------------------------------------------------
---------------------------------------------------------------------------------
Finished Timing Optimization : Time (s): cpu = 00:00:25 ; elapsed = 00:01:03 . Memory (MB): peak = 1380.211 ; gain = 542.367
---------------------------------------------------------------------------------
---------------------------------------------------------------------------------
Start Technology Mapping
---------------------------------------------------------------------------------
---------------------------------------------------------------------------------
Finished Technology Mapping : Time (s): cpu = 00:00:25 ; elapsed = 00:01:03 . Memory (MB): peak = 1380.211 ; gain = 542.367
---------------------------------------------------------------------------------
---------------------------------------------------------------------------------
Start IO Insertion
---------------------------------------------------------------------------------
---------------------------------------------------------------------------------
Start Flattening Before IO Insertion
---------------------------------------------------------------------------------
---------------------------------------------------------------------------------
Finished Flattening Before IO Insertion
---------------------------------------------------------------------------------
---------------------------------------------------------------------------------
Start Final Netlist Cleanup
---------------------------------------------------------------------------------
---------------------------------------------------------------------------------
Finished Final Netlist Cleanup
---------------------------------------------------------------------------------
---------------------------------------------------------------------------------
Finished IO Insertion : Time (s): cpu = 00:00:30 ; elapsed = 00:01:13 . Memory (MB): peak = 1380.211 ; gain = 542.367
---------------------------------------------------------------------------------
---------------------------------------------------------------------------------
Start Renaming Generated Instances
---------------------------------------------------------------------------------
---------------------------------------------------------------------------------
Finished Renaming Generated Instances : Time (s): cpu = 00:00:30 ; elapsed = 00:01:13 . Memory (MB): peak = 1380.211 ; gain = 542.367
---------------------------------------------------------------------------------
---------------------------------------------------------------------------------
Start Rebuilding User Hierarchy
---------------------------------------------------------------------------------
---------------------------------------------------------------------------------
Finished Rebuilding User Hierarchy : Time (s): cpu = 00:00:30 ; elapsed = 00:01:13 . Memory (MB): peak = 1380.211 ; gain = 542.367
---------------------------------------------------------------------------------
---------------------------------------------------------------------------------
Start Renaming Generated Ports
---------------------------------------------------------------------------------
---------------------------------------------------------------------------------
Finished Renaming Generated Ports : Time (s): cpu = 00:00:30 ; elapsed = 00:01:13 . Memory (MB): peak = 1380.211 ; gain = 542.367
---------------------------------------------------------------------------------
---------------------------------------------------------------------------------
Start Handling Custom Attributes
---------------------------------------------------------------------------------
---------------------------------------------------------------------------------
Finished Handling Custom Attributes : Time (s): cpu = 00:00:30 ; elapsed = 00:01:13 . Memory (MB): peak = 1380.211 ; gain = 542.367
---------------------------------------------------------------------------------
---------------------------------------------------------------------------------
Start Renaming Generated Nets
---------------------------------------------------------------------------------
---------------------------------------------------------------------------------
Finished Renaming Generated Nets : Time (s): cpu = 00:00:30 ; elapsed = 00:01:13 . Memory (MB): peak = 1380.211 ; gain = 542.367
---------------------------------------------------------------------------------
---------------------------------------------------------------------------------
Start Writing Synthesis Report
---------------------------------------------------------------------------------

Report BlackBoxes: 
+-+--------------+----------+
| |BlackBox name |Instances |
+-+--------------+----------+
+-+--------------+----------+

Report Cell Usage: 
+------+-------+------+
|      |Cell   |Count |
+------+-------+------+
|1     |BUFG   |     1|
|2     |CARRY4 |    14|
|3     |LUT1   |    36|
|4     |LUT2   |     6|
|5     |LUT3   |     2|
|6     |LUT4   |    15|
|7     |LUT5   |     8|
|8     |LUT6   |    20|
|9     |MUXF7  |     2|
|10    |FDRE   |    59|
|11    |LD     |     1|
|12    |IBUF   |     2|
|13    |OBUF   |    11|
+------+-------+------+
---------------------------------------------------------------------------------
Finished Writing Synthesis Report : Time (s): cpu = 00:00:30 ; elapsed = 00:01:13 . Memory (MB): peak = 1380.211 ; gain = 542.367
---------------------------------------------------------------------------------
Synthesis finished with 0 errors, 0 critical warnings and 18 warnings.
Synthesis Optimization Runtime : Time (s): cpu = 00:00:21 ; elapsed = 00:01:05 . Memory (MB): peak = 1380.211 ; gain = 501.527
Synthesis Optimization Complete : Time (s): cpu = 00:00:30 ; elapsed = 00:01:13 . Memory (MB): peak = 1380.211 ; gain = 542.367
INFO: [Project 1-571] Translating synthesized netlist
Netlist sorting complete. Time (s): cpu = 00:00:00 ; elapsed = 00:00:00.004 . Memory (MB): peak = 1380.211 ; gain = 0.000
INFO: [Netlist 29-17] Analyzing 17 Unisim elements for replacement
INFO: [Netlist 29-28] Unisim Transformation completed in 0 CPU seconds
INFO: [Project 1-570] Preparing netlist for logic optimization
INFO: [Opt 31-138] Pushed 0 inverter(s) to 0 load pin(s).
Netlist sorting complete. Time (s): cpu = 00:00:00 ; elapsed = 00:00:00 . Memory (MB): peak = 1380.211 ; gain = 0.000
INFO: [Project 1-111] Unisim Transformation Summary:
  A total of 1 instances were transformed.
  LD => LDCE: 1 instance 

Synth Design complete | Checksum: 8d70b3b5
INFO: [Common 17-83] Releasing license: Synthesis
38 Infos, 34 Warnings, 0 Critical Warnings and 0 Errors encountered.
synth_design completed successfully
synth_design: Time (s): cpu = 00:00:35 ; elapsed = 00:01:31 . Memory (MB): peak = 1380.211 ; gain = 924.164
INFO: [Common 17-1381] The checkpoint 'U:/EECE351/Lab 5/Lab 5.runs/synth_1/top.dcp' has been generated.
INFO: [runtcl-4] Executing : report_utilization -file top_utilization_synth.rpt -pb top_utilization_synth.pb
INFO: [Common 17-206] Exiting Vivado at Wed Oct 23 18:45:01 2024...
