
*** Running vivado
    with args -log top.vdi -applog -m64 -product Vivado -messageDb vivado.pb -mode batch -source top.tcl -notrace


ECHO is off.
ECHO is off.

****** Vivado v2023.1 (64-bit)
  **** SW Build 3865809 on Sun May  7 15:05:29 MDT 2023
  **** IP Build 3864474 on Sun May  7 20:36:21 MDT 2023
  **** SharedData Build 3865790 on Sun May 07 13:33:03 MDT 2023
    ** Copyright 1986-2022 Xilinx, Inc. All Rights Reserved.
    ** Copyright 2022-2023 Advanced Micro Devices, Inc. All Rights Reserved.

source top.tcl -notrace
create_project: Time (s): cpu = 00:00:05 ; elapsed = 00:00:13 . Memory (MB): peak = 431.914 ; gain = 161.262
Command: link_design -top top -part xc7a35tcpg236-1
Design is defaulting to srcset: sources_1
Design is defaulting to constrset: constrs_1
INFO: [Device 21-403] Loading part xc7a35tcpg236-1
Netlist sorting complete. Time (s): cpu = 00:00:00 ; elapsed = 00:00:00.001 . Memory (MB): peak = 839.395 ; gain = 0.000
INFO: [Project 1-479] Netlist was created with Vivado 2023.1
INFO: [Project 1-570] Preparing netlist for logic optimization
Parsing XDC File [U:/EECE351/Basys_3_Master.xdc]
Finished Parsing XDC File [U:/EECE351/Basys_3_Master.xdc]
INFO: [Opt 31-138] Pushed 0 inverter(s) to 0 load pin(s).
Netlist sorting complete. Time (s): cpu = 00:00:00 ; elapsed = 00:00:00 . Memory (MB): peak = 956.785 ; gain = 0.000
INFO: [Project 1-111] Unisim Transformation Summary:
No Unisim elements were transformed.

5 Infos, 0 Warnings, 0 Critical Warnings and 0 Errors encountered.
link_design completed successfully
link_design: Time (s): cpu = 00:00:04 ; elapsed = 00:00:16 . Memory (MB): peak = 960.836 ; gain = 524.375
Command: opt_design
Attempting to get a license for feature 'Implementation' and/or device 'xc7a35t'
INFO: [Common 17-349] Got license for feature 'Implementation' and/or device 'xc7a35t'
Running DRC as a precondition to command opt_design

Starting DRC Task
INFO: [DRC 23-27] Running DRC with 2 threads
INFO: [Project 1-461] DRC finished with 0 Errors
INFO: [Project 1-462] Please refer to the DRC report (report_drc) for more information.

Time (s): cpu = 00:00:02 ; elapsed = 00:00:02 . Memory (MB): peak = 983.762 ; gain = 22.926

Starting Cache Timing Information Task
INFO: [Timing 38-35] Done setting XDC timing constraints.
Ending Cache Timing Information Task | Checksum: d33dc7e5

Time (s): cpu = 00:00:07 ; elapsed = 00:00:15 . Memory (MB): peak = 1526.906 ; gain = 543.145

Starting Logic Optimization Task

Phase 1 Retarget
INFO: [Opt 31-138] Pushed 0 inverter(s) to 0 load pin(s).
INFO: [Opt 31-49] Retargeted 0 cell(s).
Phase 1 Retarget | Checksum: d33dc7e5

Time (s): cpu = 00:00:00 ; elapsed = 00:00:00.041 . Memory (MB): peak = 1862.781 ; gain = 0.000
INFO: [Opt 31-389] Phase Retarget created 0 cells and removed 0 cells

Phase 2 Constant propagation
INFO: [Opt 31-138] Pushed 0 inverter(s) to 0 load pin(s).
Phase 2 Constant propagation | Checksum: d33dc7e5

Time (s): cpu = 00:00:00 ; elapsed = 00:00:00.060 . Memory (MB): peak = 1862.781 ; gain = 0.000
INFO: [Opt 31-389] Phase Constant propagation created 0 cells and removed 0 cells

Phase 3 Sweep
Phase 3 Sweep | Checksum: d33dc7e5

Time (s): cpu = 00:00:00 ; elapsed = 00:00:00.076 . Memory (MB): peak = 1862.781 ; gain = 0.000
INFO: [Opt 31-389] Phase Sweep created 0 cells and removed 0 cells

Phase 4 BUFG optimization
Phase 4 BUFG optimization | Checksum: d33dc7e5

Time (s): cpu = 00:00:00 ; elapsed = 00:00:00.160 . Memory (MB): peak = 1862.781 ; gain = 0.000
INFO: [Opt 31-662] Phase BUFG optimization created 0 cells of which 0 are BUFGs and removed 0 cells.

Phase 5 Shift Register Optimization
INFO: [Opt 31-1064] SRL Remap converted 0 SRLs to 0 registers and converted 0 registers of register chains to 0 SRLs
Phase 5 Shift Register Optimization | Checksum: d33dc7e5

Time (s): cpu = 00:00:00 ; elapsed = 00:00:00.191 . Memory (MB): peak = 1862.781 ; gain = 0.000
INFO: [Opt 31-389] Phase Shift Register Optimization created 0 cells and removed 0 cells

Phase 6 Post Processing Netlist
Phase 6 Post Processing Netlist | Checksum: d33dc7e5

Time (s): cpu = 00:00:00 ; elapsed = 00:00:00.205 . Memory (MB): peak = 1862.781 ; gain = 0.000
INFO: [Opt 31-389] Phase Post Processing Netlist created 0 cells and removed 0 cells
Opt_design Change Summary
=========================


-------------------------------------------------------------------------------------------------------------------------
|  Phase                        |  #Cells created  |  #Cells Removed  |  #Constrained objects preventing optimizations  |
-------------------------------------------------------------------------------------------------------------------------
|  Retarget                     |               0  |               0  |                                              0  |
|  Constant propagation         |               0  |               0  |                                              0  |
|  Sweep                        |               0  |               0  |                                              0  |
|  BUFG optimization            |               0  |               0  |                                              0  |
|  Shift Register Optimization  |               0  |               0  |                                              0  |
|  Post Processing Netlist      |               0  |               0  |                                              0  |
-------------------------------------------------------------------------------------------------------------------------



Starting Connectivity Check Task

Time (s): cpu = 00:00:00 ; elapsed = 00:00:00.004 . Memory (MB): peak = 1862.781 ; gain = 0.000
Ending Logic Optimization Task | Checksum: d33dc7e5

Time (s): cpu = 00:00:00 ; elapsed = 00:00:00.256 . Memory (MB): peak = 1862.781 ; gain = 0.000

Starting Power Optimization Task
INFO: [Pwropt 34-132] Skipping clock gating for clocks with a period < 2.00 ns.
Ending Power Optimization Task | Checksum: d33dc7e5

Time (s): cpu = 00:00:00 ; elapsed = 00:00:00.032 . Memory (MB): peak = 1862.781 ; gain = 0.000

Starting Final Cleanup Task
Ending Final Cleanup Task | Checksum: d33dc7e5

Time (s): cpu = 00:00:00 ; elapsed = 00:00:00.009 . Memory (MB): peak = 1862.781 ; gain = 0.000

Starting Netlist Obfuscation Task
Netlist sorting complete. Time (s): cpu = 00:00:00 ; elapsed = 00:00:00.001 . Memory (MB): peak = 1862.781 ; gain = 0.000
Ending Netlist Obfuscation Task | Checksum: d33dc7e5

Time (s): cpu = 00:00:00 ; elapsed = 00:00:00.013 . Memory (MB): peak = 1862.781 ; gain = 0.000
INFO: [Common 17-83] Releasing license: Implementation
22 Infos, 0 Warnings, 0 Critical Warnings and 0 Errors encountered.
opt_design completed successfully
opt_design: Time (s): cpu = 00:00:12 ; elapsed = 00:00:24 . Memory (MB): peak = 1862.781 ; gain = 901.945
INFO: [runtcl-4] Executing : report_drc -file top_drc_opted.rpt -pb top_drc_opted.pb -rpx top_drc_opted.rpx
Command: report_drc -file top_drc_opted.rpt -pb top_drc_opted.pb -rpx top_drc_opted.rpx
INFO: [IP_Flow 19-234] Refreshing IP repositories
INFO: [IP_Flow 19-1704] No user IP repositories specified
INFO: [IP_Flow 19-2313] Loaded Vivado IP repository 'C:/Xilinx/Vivado/2023.1/data/ip'.
INFO: [DRC 23-27] Running DRC with 2 threads
INFO: [Vivado_Tcl 2-168] The results of DRC are in file U:/EECE351/Lab 3/Lab 3.runs/impl_1/top_drc_opted.rpt.
report_drc completed successfully
INFO: [Timing 38-480] Writing timing data to binary archive.
Writing XDEF routing.
Writing XDEF routing logical nets.
Writing XDEF routing special nets.
Write XDEF Complete: Time (s): cpu = 00:00:00 ; elapsed = 00:00:00.533 . Memory (MB): peak = 1862.781 ; gain = 0.000
INFO: [Common 17-1381] The checkpoint 'U:/EECE351/Lab 3/Lab 3.runs/impl_1/top_opt.dcp' has been generated.
Command: place_design
Attempting to get a license for feature 'Implementation' and/or device 'xc7a35t'
INFO: [Common 17-349] Got license for feature 'Implementation' and/or device 'xc7a35t'
INFO: [DRC 23-27] Running DRC with 2 threads
INFO: [Vivado_Tcl 4-198] DRC finished with 0 Errors
INFO: [Vivado_Tcl 4-199] Please refer to the DRC report (report_drc) for more information.
Running DRC as a precondition to command place_design
INFO: [DRC 23-27] Running DRC with 2 threads
INFO: [Vivado_Tcl 4-198] DRC finished with 0 Errors
INFO: [Vivado_Tcl 4-199] Please refer to the DRC report (report_drc) for more information.

Starting Placer Task
INFO: [Place 30-611] Multithreading enabled for place_design using a maximum of 2 CPUs

Phase 1 Placer Initialization

Phase 1.1 Placer Initialization Netlist Sorting
Netlist sorting complete. Time (s): cpu = 00:00:00 ; elapsed = 00:00:00.001 . Memory (MB): peak = 1862.781 ; gain = 0.000
Phase 1.1 Placer Initialization Netlist Sorting | Checksum: 9e2fd76a

Time (s): cpu = 00:00:00 ; elapsed = 00:00:00.032 . Memory (MB): peak = 1862.781 ; gain = 0.000
Netlist sorting complete. Time (s): cpu = 00:00:00 ; elapsed = 00:00:00 . Memory (MB): peak = 1862.781 ; gain = 0.000

Phase 1.2 IO Placement/ Clock Placement/ Build Placer Device
INFO: [Timing 38-35] Done setting XDC timing constraints.
WARNING: [Place 30-87] Partially locked IO Bus is found. Following components of the IO Bus sw are not locked:  'sw[15]'  'sw[14]'  'sw[13]'  'sw[12]'  'sw[11]'  'sw[10]'  'sw[9]'  'sw[8]'  'sw[7]'  'sw[6]'  'sw[5]'  'sw[4]'  'sw[3]'  'sw[2]'  'sw[1]' 
Phase 1.2 IO Placement/ Clock Placement/ Build Placer Device | Checksum: 1071851a5

Time (s): cpu = 00:00:00 ; elapsed = 00:00:00.390 . Memory (MB): peak = 1862.781 ; gain = 0.000

Phase 1.3 Build Placer Netlist Model
Phase 1.3 Build Placer Netlist Model | Checksum: 1f4abe546

Time (s): cpu = 00:00:00 ; elapsed = 00:00:00.427 . Memory (MB): peak = 1862.781 ; gain = 0.000

Phase 1.4 Constrain Clocks/Macros
Phase 1.4 Constrain Clocks/Macros | Checksum: 1f4abe546

Time (s): cpu = 00:00:00 ; elapsed = 00:00:00.438 . Memory (MB): peak = 1862.781 ; gain = 0.000
Phase 1 Placer Initialization | Checksum: 1f4abe546

Time (s): cpu = 00:00:00 ; elapsed = 00:00:00.448 . Memory (MB): peak = 1862.781 ; gain = 0.000

Phase 2 Global Placement

Phase 2.1 Floorplanning
Phase 2.1 Floorplanning | Checksum: 1f4abe546

Time (s): cpu = 00:00:00 ; elapsed = 00:00:00.464 . Memory (MB): peak = 1862.781 ; gain = 0.000

Phase 2.2 Update Timing before SLR Path Opt
Phase 2.2 Update Timing before SLR Path Opt | Checksum: 1f4abe546

Time (s): cpu = 00:00:00 ; elapsed = 00:00:00.473 . Memory (MB): peak = 1862.781 ; gain = 0.000

Phase 2.3 Post-Processing in Floorplanning
Phase 2.3 Post-Processing in Floorplanning | Checksum: 1f4abe546

Time (s): cpu = 00:00:00 ; elapsed = 00:00:00.482 . Memory (MB): peak = 1862.781 ; gain = 0.000

Phase 2.4 Global Placement Core
WARNING: [Place 46-29] Timing had been disabled during Placer and, therefore, physical synthesis in Placer will be skipped.
Phase 2.4 Global Placement Core | Checksum: 18ad3f92a

Time (s): cpu = 00:00:01 ; elapsed = 00:00:01 . Memory (MB): peak = 1862.781 ; gain = 0.000
Phase 2 Global Placement | Checksum: 18ad3f92a

Time (s): cpu = 00:00:01 ; elapsed = 00:00:01 . Memory (MB): peak = 1862.781 ; gain = 0.000

Phase 3 Detail Placement

Phase 3.1 Commit Multi Column Macros
Phase 3.1 Commit Multi Column Macros | Checksum: 18ad3f92a

Time (s): cpu = 00:00:01 ; elapsed = 00:00:01 . Memory (MB): peak = 1862.781 ; gain = 0.000

Phase 3.2 Commit Most Macros & LUTRAMs
Phase 3.2 Commit Most Macros & LUTRAMs | Checksum: 12a68e7b9

Time (s): cpu = 00:00:01 ; elapsed = 00:00:01 . Memory (MB): peak = 1862.781 ; gain = 0.000

Phase 3.3 Area Swap Optimization
Phase 3.3 Area Swap Optimization | Checksum: 1eec976f4

Time (s): cpu = 00:00:01 ; elapsed = 00:00:01 . Memory (MB): peak = 1862.781 ; gain = 0.000

Phase 3.4 Pipeline Register Optimization
Phase 3.4 Pipeline Register Optimization | Checksum: 1eec976f4

Time (s): cpu = 00:00:01 ; elapsed = 00:00:01 . Memory (MB): peak = 1862.781 ; gain = 0.000

Phase 3.5 Small Shape Detail Placement
Phase 3.5 Small Shape Detail Placement | Checksum: 1e7fa7a4b

Time (s): cpu = 00:00:01 ; elapsed = 00:00:01 . Memory (MB): peak = 1862.781 ; gain = 0.000

Phase 3.6 Re-assign LUT pins
Phase 3.6 Re-assign LUT pins | Checksum: 1e7fa7a4b

Time (s): cpu = 00:00:01 ; elapsed = 00:00:01 . Memory (MB): peak = 1862.781 ; gain = 0.000

Phase 3.7 Pipeline Register Optimization
Phase 3.7 Pipeline Register Optimization | Checksum: 1e7fa7a4b

Time (s): cpu = 00:00:01 ; elapsed = 00:00:01 . Memory (MB): peak = 1862.781 ; gain = 0.000
Phase 3 Detail Placement | Checksum: 1e7fa7a4b

Time (s): cpu = 00:00:01 ; elapsed = 00:00:01 . Memory (MB): peak = 1862.781 ; gain = 0.000

Phase 4 Post Placement Optimization and Clean-Up

Phase 4.1 Post Commit Optimization
Phase 4.1 Post Commit Optimization | Checksum: 1e7fa7a4b

Time (s): cpu = 00:00:01 ; elapsed = 00:00:02 . Memory (MB): peak = 1862.781 ; gain = 0.000

Phase 4.2 Post Placement Cleanup
Phase 4.2 Post Placement Cleanup | Checksum: 1e7fa7a4b

Time (s): cpu = 00:00:01 ; elapsed = 00:00:02 . Memory (MB): peak = 1862.781 ; gain = 0.000

Phase 4.3 Placer Reporting

Phase 4.3.1 Print Estimated Congestion
INFO: [Place 30-612] Post-Placement Estimated Congestion 
 ____________________________________________________
|           | Global Congestion | Short Congestion  |
| Direction | Region Size       | Region Size       |
|___________|___________________|___________________|
|      North|                1x1|                1x1|
|___________|___________________|___________________|
|      South|                1x1|                1x1|
|___________|___________________|___________________|
|       East|                1x1|                1x1|
|___________|___________________|___________________|
|       West|                1x1|                1x1|
|___________|___________________|___________________|

Phase 4.3.1 Print Estimated Congestion | Checksum: 1e7fa7a4b

Time (s): cpu = 00:00:01 ; elapsed = 00:00:02 . Memory (MB): peak = 1862.781 ; gain = 0.000
Phase 4.3 Placer Reporting | Checksum: 1e7fa7a4b

Time (s): cpu = 00:00:01 ; elapsed = 00:00:02 . Memory (MB): peak = 1862.781 ; gain = 0.000

Phase 4.4 Final Placement Cleanup
Netlist sorting complete. Time (s): cpu = 00:00:00 ; elapsed = 00:00:00 . Memory (MB): peak = 1862.781 ; gain = 0.000

Time (s): cpu = 00:00:01 ; elapsed = 00:00:02 . Memory (MB): peak = 1862.781 ; gain = 0.000
Phase 4 Post Placement Optimization and Clean-Up | Checksum: 1b4949753

Time (s): cpu = 00:00:01 ; elapsed = 00:00:02 . Memory (MB): peak = 1862.781 ; gain = 0.000
Ending Placer Task | Checksum: 10f840c02

Time (s): cpu = 00:00:01 ; elapsed = 00:00:02 . Memory (MB): peak = 1862.781 ; gain = 0.000
INFO: [Common 17-83] Releasing license: Implementation
41 Infos, 2 Warnings, 0 Critical Warnings and 0 Errors encountered.
place_design completed successfully
INFO: [runtcl-4] Executing : report_io -file top_io_placed.rpt
report_io: Time (s): cpu = 00:00:00 ; elapsed = 00:00:00.131 . Memory (MB): peak = 1862.781 ; gain = 0.000
INFO: [runtcl-4] Executing : report_utilization -file top_utilization_placed.rpt -pb top_utilization_placed.pb
INFO: [runtcl-4] Executing : report_control_sets -verbose -file top_control_sets_placed.rpt
report_control_sets: Time (s): cpu = 00:00:00 ; elapsed = 00:00:00.040 . Memory (MB): peak = 1862.781 ; gain = 0.000
INFO: [Timing 38-480] Writing timing data to binary archive.
Writing XDEF routing.
Writing XDEF routing logical nets.
Writing XDEF routing special nets.
Write XDEF Complete: Time (s): cpu = 00:00:00 ; elapsed = 00:00:00.579 . Memory (MB): peak = 1862.781 ; gain = 0.000
INFO: [Common 17-1381] The checkpoint 'U:/EECE351/Lab 3/Lab 3.runs/impl_1/top_placed.dcp' has been generated.
Command: phys_opt_design
Attempting to get a license for feature 'Implementation' and/or device 'xc7a35t'
INFO: [Common 17-349] Got license for feature 'Implementation' and/or device 'xc7a35t'

Starting Initial Update Timing Task

Time (s): cpu = 00:00:00 ; elapsed = 00:00:00.028 . Memory (MB): peak = 1862.781 ; gain = 0.000
INFO: [Vivado_Tcl 4-235] No timing constraint found. The netlist was not modified.
INFO: [Common 17-83] Releasing license: Implementation
49 Infos, 2 Warnings, 0 Critical Warnings and 0 Errors encountered.
phys_opt_design completed successfully
INFO: [Timing 38-480] Writing timing data to binary archive.
Writing XDEF routing.
Writing XDEF routing logical nets.
Writing XDEF routing special nets.
Write XDEF Complete: Time (s): cpu = 00:00:00 ; elapsed = 00:00:00.594 . Memory (MB): peak = 1870.812 ; gain = 8.031
INFO: [Common 17-1381] The checkpoint 'U:/EECE351/Lab 3/Lab 3.runs/impl_1/top_physopt.dcp' has been generated.
Command: route_design
Attempting to get a license for feature 'Implementation' and/or device 'xc7a35t'
INFO: [Common 17-349] Got license for feature 'Implementation' and/or device 'xc7a35t'
Running DRC as a precondition to command route_design
INFO: [DRC 23-27] Running DRC with 2 threads
INFO: [Vivado_Tcl 4-198] DRC finished with 0 Errors, 1 Warnings
INFO: [Vivado_Tcl 4-199] Please refer to the DRC report (report_drc) for more information.


Starting Routing Task
INFO: [Route 35-254] Multithreading enabled for route_design using a maximum of 2 CPUs

Phase 1 Build RT Design
Checksum: PlaceDB: dbb88a96 ConstDB: 0 ShapeSum: 33cb816c RouteDB: 0
Post Restoration Checksum: NetGraph: 92402351 | NumContArr: 7ab98b1f | Constraints: 190a55ad | Timing: 0
Phase 1 Build RT Design | Checksum: 12604041d

Time (s): cpu = 00:00:22 ; elapsed = 00:00:38 . Memory (MB): peak = 1950.480 ; gain = 68.559

Phase 2 Router Initialization
INFO: [Route 35-64] No timing constraints were detected. The router will operate in resource-optimization mode.

Phase 2.1 Fix Topology Constraints
Phase 2.1 Fix Topology Constraints | Checksum: 12604041d

Time (s): cpu = 00:00:22 ; elapsed = 00:00:38 . Memory (MB): peak = 1956.543 ; gain = 74.621

Phase 2.2 Pre Route Cleanup
Phase 2.2 Pre Route Cleanup | Checksum: 12604041d

Time (s): cpu = 00:00:22 ; elapsed = 00:00:38 . Memory (MB): peak = 1956.543 ; gain = 74.621
 Number of Nodes with overlaps = 0

Router Utilization Summary
  Global Vertical Routing Utilization    = 0 %
  Global Horizontal Routing Utilization  = 0 %
  Routable Net Status*
  *Does not include unroutable nets such as driverless and loadless.
  Run report_route_status for detailed report.
  Number of Failed Nets               = 11
    (Failed Nets is the sum of unrouted and partially routed nets)
  Number of Unrouted Nets             = 11
  Number of Partially Routed Nets     = 0
  Number of Node Overlaps             = 0

Phase 2 Router Initialization | Checksum: 36efb3c3

Time (s): cpu = 00:00:23 ; elapsed = 00:00:39 . Memory (MB): peak = 1962.305 ; gain = 80.383

Phase 3 Initial Routing

Phase 3.1 Global Routing
Phase 3.1 Global Routing | Checksum: 36efb3c3

Time (s): cpu = 00:00:23 ; elapsed = 00:00:39 . Memory (MB): peak = 1962.305 ; gain = 80.383
Phase 3 Initial Routing | Checksum: b7f5ff39

Time (s): cpu = 00:00:23 ; elapsed = 00:00:39 . Memory (MB): peak = 1962.305 ; gain = 80.383

Phase 4 Rip-up And Reroute

Phase 4.1 Global Iteration 0
 Number of Nodes with overlaps = 0
Phase 4.1 Global Iteration 0 | Checksum: 5b4044e9

Time (s): cpu = 00:00:23 ; elapsed = 00:00:39 . Memory (MB): peak = 1962.305 ; gain = 80.383
Phase 4 Rip-up And Reroute | Checksum: 5b4044e9

Time (s): cpu = 00:00:23 ; elapsed = 00:00:39 . Memory (MB): peak = 1962.305 ; gain = 80.383

Phase 5 Delay and Skew Optimization
Phase 5 Delay and Skew Optimization | Checksum: 5b4044e9

Time (s): cpu = 00:00:23 ; elapsed = 00:00:39 . Memory (MB): peak = 1962.305 ; gain = 80.383

Phase 6 Post Hold Fix

Phase 6.1 Hold Fix Iter
Phase 6.1 Hold Fix Iter | Checksum: 5b4044e9

Time (s): cpu = 00:00:23 ; elapsed = 00:00:39 . Memory (MB): peak = 1962.305 ; gain = 80.383
Phase 6 Post Hold Fix | Checksum: 5b4044e9

Time (s): cpu = 00:00:23 ; elapsed = 00:00:39 . Memory (MB): peak = 1962.305 ; gain = 80.383

Phase 7 Route finalize

Router Utilization Summary
  Global Vertical Routing Utilization    = 0.0110022 %
  Global Horizontal Routing Utilization  = 0.00754815 %
  Routable Net Status*
  *Does not include unroutable nets such as driverless and loadless.
  Run report_route_status for detailed report.
  Number of Failed Nets               = 0
    (Failed Nets is the sum of unrouted and partially routed nets)
  Number of Unrouted Nets             = 0
  Number of Partially Routed Nets     = 0
  Number of Node Overlaps             = 0


--GLOBAL Congestion:
Utilization threshold used for congestion level computation: 0.85
Congestion Report
North Dir 1x1 Area, Max Cong = 16.2162%, No Congested Regions.
South Dir 1x1 Area, Max Cong = 20.7207%, No Congested Regions.
East Dir 1x1 Area, Max Cong = 4.41176%, No Congested Regions.
West Dir 1x1 Area, Max Cong = 13.2353%, No Congested Regions.

------------------------------
Reporting congestion hotspots
------------------------------
Direction: North
----------------
Congested clusters found at Level 0
Effective congestion level: 0 Aspect Ratio: 1 Sparse Ratio: 0
Direction: South
----------------
Congested clusters found at Level 0
Effective congestion level: 0 Aspect Ratio: 1 Sparse Ratio: 0
Direction: East
----------------
Congested clusters found at Level 0
Effective congestion level: 0 Aspect Ratio: 1 Sparse Ratio: 0
Direction: West
----------------
Congested clusters found at Level 0
Effective congestion level: 0 Aspect Ratio: 1 Sparse Ratio: 0

Phase 7 Route finalize | Checksum: 5b4044e9

Time (s): cpu = 00:00:23 ; elapsed = 00:00:39 . Memory (MB): peak = 1962.305 ; gain = 80.383

Phase 8 Verifying routed nets

 Verification completed successfully
Phase 8 Verifying routed nets | Checksum: 5b4044e9

Time (s): cpu = 00:00:23 ; elapsed = 00:00:39 . Memory (MB): peak = 1962.984 ; gain = 81.062

Phase 9 Depositing Routes
Phase 9 Depositing Routes | Checksum: 9891e5aa

Time (s): cpu = 00:00:23 ; elapsed = 00:00:39 . Memory (MB): peak = 1962.984 ; gain = 81.062
INFO: [Route 35-16] Router Completed Successfully

Phase 10 Post-Route Event Processing
Phase 10 Post-Route Event Processing | Checksum: 405acb90

Time (s): cpu = 00:00:23 ; elapsed = 00:00:39 . Memory (MB): peak = 1962.984 ; gain = 81.062

Time (s): cpu = 00:00:23 ; elapsed = 00:00:39 . Memory (MB): peak = 1962.984 ; gain = 81.062

Routing Is Done.
INFO: [Common 17-83] Releasing license: Implementation
59 Infos, 2 Warnings, 0 Critical Warnings and 0 Errors encountered.
route_design completed successfully
route_design: Time (s): cpu = 00:00:25 ; elapsed = 00:00:41 . Memory (MB): peak = 1962.984 ; gain = 92.172
INFO: [runtcl-4] Executing : report_drc -file top_drc_routed.rpt -pb top_drc_routed.pb -rpx top_drc_routed.rpx
Command: report_drc -file top_drc_routed.rpt -pb top_drc_routed.pb -rpx top_drc_routed.rpx
INFO: [IP_Flow 19-1839] IP Catalog is up to date.
INFO: [DRC 23-27] Running DRC with 2 threads
INFO: [Vivado_Tcl 2-168] The results of DRC are in file U:/EECE351/Lab 3/Lab 3.runs/impl_1/top_drc_routed.rpt.
report_drc completed successfully
INFO: [runtcl-4] Executing : report_methodology -file top_methodology_drc_routed.rpt -pb top_methodology_drc_routed.pb -rpx top_methodology_drc_routed.rpx
Command: report_methodology -file top_methodology_drc_routed.rpt -pb top_methodology_drc_routed.pb -rpx top_methodology_drc_routed.rpx
INFO: [Timing 38-35] Done setting XDC timing constraints.
INFO: [DRC 23-133] Running Methodology with 2 threads
INFO: [Vivado_Tcl 2-1520] The results of Report Methodology are in file U:/EECE351/Lab 3/Lab 3.runs/impl_1/top_methodology_drc_routed.rpt.
report_methodology completed successfully
INFO: [runtcl-4] Executing : report_power -file top_power_routed.rpt -pb top_power_summary_routed.pb -rpx top_power_routed.rpx
Command: report_power -file top_power_routed.rpt -pb top_power_summary_routed.pb -rpx top_power_routed.rpx
INFO: [Timing 38-35] Done setting XDC timing constraints.
WARNING: [Power 33-232] No user defined clocks were found in the design! Power estimation will be inaccurate until this is corrected.
Resolution: Please specify clocks using create_clock/create_generated_clock for sequential elements. For pure combinatorial circuits, please specify a virtual clock, otherwise the vectorless estimation might be inaccurate
Running Vector-less Activity Propagation...

Finished Running Vector-less Activity Propagation
69 Infos, 3 Warnings, 0 Critical Warnings and 0 Errors encountered.
report_power completed successfully
INFO: [runtcl-4] Executing : report_route_status -file top_route_status.rpt -pb top_route_status.pb
INFO: [runtcl-4] Executing : report_timing_summary -max_paths 10 -report_unconstrained -file top_timing_summary_routed.rpt -pb top_timing_summary_routed.pb -rpx top_timing_summary_routed.rpx -warn_on_violation 
INFO: [Timing 38-91] UpdateTimingParams: Speed grade: -1, Delay Type: min_max.
INFO: [Timing 38-191] Multithreading enabled for timing update using a maximum of 2 CPUs
WARNING: [Timing 38-313] There are no user specified timing constraints. Timing constraints are needed for proper timing analysis.
INFO: [runtcl-4] Executing : report_incremental_reuse -file top_incremental_reuse_routed.rpt
INFO: [Vivado_Tcl 4-1062] Incremental flow is disabled. No incremental reuse Info to report.
INFO: [runtcl-4] Executing : report_clock_utilization -file top_clock_utilization_routed.rpt
INFO: [runtcl-4] Executing : report_bus_skew -warn_on_violation -file top_bus_skew_routed.rpt -pb top_bus_skew_routed.pb -rpx top_bus_skew_routed.rpx
INFO: [Timing 38-91] UpdateTimingParams: Speed grade: -1, Delay Type: min_max.
INFO: [Timing 38-191] Multithreading enabled for timing update using a maximum of 2 CPUs
INFO: [Timing 38-480] Writing timing data to binary archive.
Writing XDEF routing.
Writing XDEF routing logical nets.
Writing XDEF routing special nets.
Write XDEF Complete: Time (s): cpu = 00:00:00 ; elapsed = 00:00:00.561 . Memory (MB): peak = 2003.844 ; gain = 0.000
INFO: [Common 17-1381] The checkpoint 'U:/EECE351/Lab 3/Lab 3.runs/impl_1/top_routed.dcp' has been generated.
Command: write_bitstream -force top.bit
Attempting to get a license for feature 'Implementation' and/or device 'xc7a35t'
INFO: [Common 17-349] Got license for feature 'Implementation' and/or device 'xc7a35t'
Running DRC as a precondition to command write_bitstream
INFO: [IP_Flow 19-1839] IP Catalog is up to date.
INFO: [DRC 23-27] Running DRC with 2 threads
INFO: [Vivado 12-3199] DRC finished with 0 Errors
INFO: [Vivado 12-3200] Please refer to the DRC report (report_drc) for more information.
INFO: [Designutils 20-2272] Running write_bitstream with 2 threads.
Loading data files...
Loading site data...
Loading route data...
Processing options...
Creating bitmap...
Creating bitstream...
Bitstream compression saved 15654816 bits.
Writing bitstream ./top.bit...
INFO: [Vivado 12-1842] Bitgen Completed Successfully.
INFO: [Common 17-83] Releasing license: Implementation
13 Infos, 0 Warnings, 0 Critical Warnings and 0 Errors encountered.
write_bitstream completed successfully
write_bitstream: Time (s): cpu = 00:00:11 ; elapsed = 00:00:17 . Memory (MB): peak = 2488.332 ; gain = 484.488
INFO: [Common 17-206] Exiting Vivado at Wed Sep 18 16:58:40 2024...
